<?xml version="1.0" encoding="UTF-8"?>
<!-- Generated by org.testng.reporters.JUnitReportReporter -->
<testsuite hostname="DESKTOP-1SUN1R3" failures="0" tests="5" name="testngpackage.TestScript" time="43.940" errors="0" timestamp="2023-04-20T14:20:27 IST" skipped="0">
  <testcase classname="testngpackage.TestScript" name="funcTest" time="8.517"/>
  <system-out/>
  <testcase classname="testngpackage.TestScript" name="funcTest" time="9.502"/>
  <system-out/>
  <testcase classname="testngpackage.TestScript" name="funcTest" time="8.257"/>
  <system-out/>
  <testcase classname="testngpackage.TestScript" name="funcTest" time="8.951"/>
  <system-out/>
  <testcase classname="testngpackage.TestScript" name="funcTest" time="8.713"/>
  <system-out/>
</testsuite> <!-- testngpackage.TestScript -->
